[0.988s] DEBUG:colcon:Command line arguments: ['/usr/bin/colcon', 'build']
[0.988s] DEBUG:colcon:Parsed command line arguments: Namespace(allow_overriding=[], ament_cmake_args=None, base_paths=['.'], build_base='build', catkin_cmake_args=None, catkin_skip_building_tests=False, cmake_args=None, cmake_clean_cache=False, cmake_clean_first=False, cmake_force_configure=False, cmake_target=None, cmake_target_skip_unavailable=False, continue_on_error=False, event_handlers=None, executor='parallel', ignore_user_meta=False, install_base='install', log_base=None, log_level=None, main=<bound method BuildVerb.main of <colcon_core.verb.build.BuildVerb object at 0x7f74debc2c40>>, merge_install=False, metas=['./colcon.meta'], packages_above=None, packages_above_and_dependencies=None, packages_above_depth=None, packages_end=None, packages_ignore=None, packages_ignore_regex=None, packages_select=None, packages_select_build_failed=False, packages_select_by_dep=None, packages_select_regex=None, packages_select_test_failures=False, packages_skip=None, packages_skip_build_finished=False, packages_skip_by_dep=None, packages_skip_regex=None, packages_skip_test_passed=False, packages_skip_up_to=None, packages_start=None, packages_up_to=None, packages_up_to_regex=None, parallel_workers=8, paths=None, symlink_install=False, test_result_base=None, verb_extension=<colcon_core.verb.build.BuildVerb object at 0x7f74debc2c40>, verb_name='build', verb_parser=<colcon_defaults.argument_parser.defaults.DefaultArgumentsDecorator object at 0x7f74deb1d2b0>)
[1.028s] Level 1:colcon.colcon_core.package_discovery:discover_packages(colcon_meta) check parameters
[1.028s] Level 1:colcon.colcon_core.package_discovery:discover_packages(recursive) check parameters
[1.028s] Level 1:colcon.colcon_core.package_discovery:discover_packages(ignore) check parameters
[1.028s] Level 1:colcon.colcon_core.package_discovery:discover_packages(path) check parameters
[1.028s] Level 1:colcon.colcon_core.package_discovery:discover_packages(colcon_meta) discover
[1.028s] Level 1:colcon.colcon_core.package_discovery:discover_packages(recursive) discover
[1.028s] INFO:colcon.colcon_core.package_discovery:Crawling recursively for packages in '/home/ubuntu/Documents/GitHub/P6-Swarm/p6-swarm'
[1.028s] Level 1:colcon.colcon_core.package_identification:_identify(.) by extensions ['ignore', 'ignore_ament_install']
[1.028s] Level 1:colcon.colcon_core.package_identification:_identify(.) by extension 'ignore'
[1.028s] Level 1:colcon.colcon_core.package_identification:_identify(.) by extension 'ignore_ament_install'
[1.029s] Level 1:colcon.colcon_core.package_identification:_identify(.) by extensions ['colcon_pkg']
[1.029s] Level 1:colcon.colcon_core.package_identification:_identify(.) by extension 'colcon_pkg'
[1.029s] Level 1:colcon.colcon_core.package_identification:_identify(.) by extensions ['colcon_meta']
[1.029s] Level 1:colcon.colcon_core.package_identification:_identify(.) by extension 'colcon_meta'
[1.029s] Level 1:colcon.colcon_core.package_identification:_identify(.) by extensions ['ros']
[1.029s] Level 1:colcon.colcon_core.package_identification:_identify(.) by extension 'ros'
[1.061s] Level 1:colcon.colcon_core.package_identification:_identify(.) by extensions ['cmake', 'python']
[1.061s] Level 1:colcon.colcon_core.package_identification:_identify(.) by extension 'cmake'
[1.061s] Level 1:colcon.colcon_core.package_identification:_identify(.) by extension 'python'
[1.062s] Level 1:colcon.colcon_core.package_identification:_identify(.) by extensions ['python_setup_py']
[1.062s] Level 1:colcon.colcon_core.package_identification:_identify(.) by extension 'python_setup_py'
[1.062s] Level 1:colcon.colcon_core.package_identification:_identify(build) by extensions ['ignore', 'ignore_ament_install']
[1.062s] Level 1:colcon.colcon_core.package_identification:_identify(build) by extension 'ignore'
[1.062s] Level 1:colcon.colcon_core.package_identification:_identify(build) ignored
[1.062s] Level 1:colcon.colcon_core.package_identification:_identify(install) by extensions ['ignore', 'ignore_ament_install']
[1.062s] Level 1:colcon.colcon_core.package_identification:_identify(install) by extension 'ignore'
[1.062s] Level 1:colcon.colcon_core.package_identification:_identify(install) ignored
[1.063s] Level 1:colcon.colcon_core.package_identification:_identify(log) by extensions ['ignore', 'ignore_ament_install']
[1.063s] Level 1:colcon.colcon_core.package_identification:_identify(log) by extension 'ignore'
[1.063s] Level 1:colcon.colcon_core.package_identification:_identify(log) ignored
[1.063s] Level 1:colcon.colcon_core.package_identification:_identify(src) by extensions ['ignore', 'ignore_ament_install']
[1.063s] Level 1:colcon.colcon_core.package_identification:_identify(src) by extension 'ignore'
[1.063s] Level 1:colcon.colcon_core.package_identification:_identify(src) by extension 'ignore_ament_install'
[1.063s] Level 1:colcon.colcon_core.package_identification:_identify(src) by extensions ['colcon_pkg']
[1.063s] Level 1:colcon.colcon_core.package_identification:_identify(src) by extension 'colcon_pkg'
[1.063s] Level 1:colcon.colcon_core.package_identification:_identify(src) by extensions ['colcon_meta']
[1.063s] Level 1:colcon.colcon_core.package_identification:_identify(src) by extension 'colcon_meta'
[1.063s] Level 1:colcon.colcon_core.package_identification:_identify(src) by extensions ['ros']
[1.064s] Level 1:colcon.colcon_core.package_identification:_identify(src) by extension 'ros'
[1.064s] Level 1:colcon.colcon_core.package_identification:_identify(src) by extensions ['cmake', 'python']
[1.064s] Level 1:colcon.colcon_core.package_identification:_identify(src) by extension 'cmake'
[1.064s] Level 1:colcon.colcon_core.package_identification:_identify(src) by extension 'python'
[1.064s] Level 1:colcon.colcon_core.package_identification:_identify(src) by extensions ['python_setup_py']
[1.064s] Level 1:colcon.colcon_core.package_identification:_identify(src) by extension 'python_setup_py'
[1.064s] Level 1:colcon.colcon_core.package_identification:_identify(src/basic_mobile_robot) by extensions ['ignore', 'ignore_ament_install']
[1.064s] Level 1:colcon.colcon_core.package_identification:_identify(src/basic_mobile_robot) by extension 'ignore'
[1.064s] Level 1:colcon.colcon_core.package_identification:_identify(src/basic_mobile_robot) by extension 'ignore_ament_install'
[1.064s] Level 1:colcon.colcon_core.package_identification:_identify(src/basic_mobile_robot) by extensions ['colcon_pkg']
[1.065s] Level 1:colcon.colcon_core.package_identification:_identify(src/basic_mobile_robot) by extension 'colcon_pkg'
[1.065s] Level 1:colcon.colcon_core.package_identification:_identify(src/basic_mobile_robot) by extensions ['colcon_meta']
[1.065s] Level 1:colcon.colcon_core.package_identification:_identify(src/basic_mobile_robot) by extension 'colcon_meta'
[1.065s] Level 1:colcon.colcon_core.package_identification:_identify(src/basic_mobile_robot) by extensions ['ros']
[1.065s] Level 1:colcon.colcon_core.package_identification:_identify(src/basic_mobile_robot) by extension 'ros'
[1.070s] DEBUG:colcon.colcon_core.package_identification:Package 'src/basic_mobile_robot' with type 'ros.ament_cmake' and name 'basic_mobile_robot'
[1.070s] Level 1:colcon.colcon_core.package_discovery:discover_packages(recursive) using defaults
[1.070s] Level 1:colcon.colcon_core.package_discovery:discover_packages(ignore) discover
[1.070s] Level 1:colcon.colcon_core.package_discovery:discover_packages(ignore) using defaults
[1.070s] Level 1:colcon.colcon_core.package_discovery:discover_packages(path) discover
[1.070s] Level 1:colcon.colcon_core.package_discovery:discover_packages(path) using defaults
[1.163s] Level 5:colcon.colcon_core.verb:set package 'basic_mobile_robot' build argument 'cmake_args' from command line to 'None'
[1.164s] Level 5:colcon.colcon_core.verb:set package 'basic_mobile_robot' build argument 'cmake_target' from command line to 'None'
[1.164s] Level 5:colcon.colcon_core.verb:set package 'basic_mobile_robot' build argument 'cmake_target_skip_unavailable' from command line to 'False'
[1.164s] Level 5:colcon.colcon_core.verb:set package 'basic_mobile_robot' build argument 'cmake_clean_cache' from command line to 'False'
[1.164s] Level 5:colcon.colcon_core.verb:set package 'basic_mobile_robot' build argument 'cmake_clean_first' from command line to 'False'
[1.164s] Level 5:colcon.colcon_core.verb:set package 'basic_mobile_robot' build argument 'cmake_force_configure' from command line to 'False'
[1.164s] Level 5:colcon.colcon_core.verb:set package 'basic_mobile_robot' build argument 'ament_cmake_args' from command line to 'None'
[1.164s] Level 5:colcon.colcon_core.verb:set package 'basic_mobile_robot' build argument 'catkin_cmake_args' from command line to 'None'
[1.164s] Level 5:colcon.colcon_core.verb:set package 'basic_mobile_robot' build argument 'catkin_skip_building_tests' from command line to 'False'
[1.164s] DEBUG:colcon.colcon_core.verb:Building package 'basic_mobile_robot' with the following arguments: {'ament_cmake_args': None, 'build_base': '/home/ubuntu/Documents/GitHub/P6-Swarm/p6-swarm/build/basic_mobile_robot', 'catkin_cmake_args': None, 'catkin_skip_building_tests': False, 'cmake_args': None, 'cmake_clean_cache': False, 'cmake_clean_first': False, 'cmake_force_configure': False, 'cmake_target': None, 'cmake_target_skip_unavailable': False, 'install_base': '/home/ubuntu/Documents/GitHub/P6-Swarm/p6-swarm/install/basic_mobile_robot', 'merge_install': False, 'path': '/home/ubuntu/Documents/GitHub/P6-Swarm/p6-swarm/src/basic_mobile_robot', 'symlink_install': False, 'test_result_base': None}
[1.211s] WARNING:colcon.colcon_core.verb:Some selected packages are already built in one or more underlay workspaces:
	'basic_mobile_robot' is in: /home/ubuntu/Documents/GitHub/P6-Swarm/p6-swarm/install/basic_mobile_robot
If a package in a merged underlay workspace is overridden and it installs headers, then all packages in the overlay must sort their include directories by workspace order. Failure to do so may result in build failures or undefined behavior at run time.
If the overridden package is used by another package in any underlay, then the overriding package in the overlay must be API and ABI compatible or undefined behavior at run time may occur.

If you understand the risks and want to override a package anyways, add the following to the command line:
	--allow-overriding basic_mobile_robot

This may be promoted to an error in a future release of colcon-core.
[1.212s] INFO:colcon.colcon_core.executor:Executing jobs using 'parallel' executor
[1.216s] DEBUG:colcon.colcon_parallel_executor.executor.parallel:run_until_complete
[1.216s] INFO:colcon.colcon_ros.task.ament_cmake.build:Building ROS package in '/home/ubuntu/Documents/GitHub/P6-Swarm/p6-swarm/src/basic_mobile_robot' with build type 'ament_cmake'
[1.217s] INFO:colcon.colcon_cmake.task.cmake.build:Building CMake package in '/home/ubuntu/Documents/GitHub/P6-Swarm/p6-swarm/src/basic_mobile_robot'
[1.244s] INFO:colcon.colcon_core.plugin_system:Skipping extension 'colcon_core.shell.bat': Not used on non-Windows systems
[1.244s] INFO:colcon.colcon_core.shell:Skip shell extension 'powershell' for command environment: Not usable outside of PowerShell
[1.245s] DEBUG:colcon.colcon_core.shell:Skip shell extension 'dsv' for command environment
[1.312s] DEBUG:colcon.colcon_core.event_handler.log_command:Invoking command in '/home/ubuntu/Documents/GitHub/P6-Swarm/p6-swarm/build/basic_mobile_robot': CMAKE_PREFIX_PATH=${CMAKE_PREFIX_PATH}:/home/ubuntu/ros2_galactic/install/rqt_bag_plugins:/home/ubuntu/ros2_galactic/install/rqt_bag:/home/ubuntu/ros2_galactic/install/ros2bag:/home/ubuntu/ros2_galactic/install/tracetools_launch:/home/ubuntu/ros2_galactic/install/topic_monitor:/home/ubuntu/ros2_galactic/install/tf2_tools:/home/ubuntu/ros2_galactic/install/examples_tf2_py:/home/ubuntu/ros2_galactic/install/tf2_ros_py:/home/ubuntu/ros2_galactic/install/sros2:/home/ubuntu/ros2_galactic/install/rqt_topic:/home/ubuntu/ros2_galactic/install/rqt_top:/home/ubuntu/ros2_galactic/install/rqt_srv:/home/ubuntu/ros2_galactic/install/rqt_shell:/home/ubuntu/ros2_galactic/install/rqt_service_caller:/home/ubuntu/ros2_galactic/install/rqt_reconfigure:/home/ubuntu/ros2_galactic/install/rqt_py_console:/home/ubuntu/ros2_galactic/install/rqt_publisher:/home/ubuntu/ros2_galactic/install/rqt_plot:/home/ubuntu/ros2_galactic/install/rqt_action:/home/ubuntu/ros2_galactic/install/rqt_msg:/home/ubuntu/ros2_galactic/install/rqt_console:/home/ubuntu/ros2_galactic/install/rqt:/home/ubuntu/ros2_galactic/install/rqt_graph:/home/ubuntu/ros2_galactic/install/rqt_gui_py:/home/ubuntu/ros2_galactic/install/rqt_gui:/home/ubuntu/ros2_galactic/install/ros2trace:/home/ubuntu/ros2_galactic/install/ros2topic:/home/ubuntu/ros2_galactic/install/ros2test:/home/ubuntu/ros2_galactic/install/ros2component:/home/ubuntu/ros2_galactic/install/ros2param:/home/ubuntu/ros2_galactic/install/ros2lifecycle:/home/ubuntu/ros2_galactic/install/ros2service:/home/ubuntu/ros2_galactic/install/ros2run:/home/ubuntu/ros2_galactic/install/ros2launch:/home/ubuntu/ros2_galactic/install/ros2pkg:/home/ubuntu/ros2_galactic/install/ros2node:/home/ubuntu/ros2_galactic/install/ros2multicast:/home/ubuntu/ros2_galactic/install/ros2interface:/home/ubuntu/ros2_galactic/install/ros2doctor:/home/ubuntu/ros2_galactic/install/ros2action:/home/ubuntu/ros2_galactic/install/ros2cli:/home/ubuntu/ros2_galactic/install/quality_of_service_demo_py:/home/ubuntu/ros2_galactic/install/launch_testing_ros:/home/ubuntu/ros2_galactic/install/launch_ros:/home/ubuntu/ros2_galactic/install/examples_rclpy_pointcloud_publisher:/home/ubuntu/ros2_galactic/install/examples_rclpy_minimal_subscriber:/home/ubuntu/ros2_galactic/install/examples_rclpy_minimal_service:/home/ubuntu/ros2_galactic/install/examples_rclpy_minimal_publisher:/home/ubuntu/ros2_galactic/install/examples_rclpy_minimal_client:/home/ubuntu/ros2_galactic/install/examples_rclpy_minimal_action_server:/home/ubuntu/ros2_galactic/install/examples_rclpy_minimal_action_client:/home/ubuntu/ros2_galactic/install/examples_rclpy_guard_conditions:/home/ubuntu/ros2_galactic/install/examples_rclpy_executors:/home/ubuntu/ros2_galactic/install/demo_nodes_py:/home/ubuntu/ros2_galactic/install/action_tutorials_py:/home/ubuntu/ros2_galactic/install/ament_uncrustify:/home/ubuntu/ros2_galactic/install/tracetools_trace:/home/ubuntu/ros2_galactic/install/tracetools_read:/home/ubuntu/ros2_galactic/install/test_launch_ros:/home/ubuntu/ros2_galactic/install/sensor_msgs_py:/home/ubuntu/ros2_galactic/install/rpyutils:/home/ubuntu/ros2_galactic/install/rosidl_runtime_py:/home/ubuntu/ros2_galactic/install/rosidl_cli:/home/ubuntu/ros2_galactic/install/launch_yaml:/home/ubuntu/ros2_galactic/install/launch_xml:/home/ubuntu/ros2_galactic/install/launch_testing:/home/ubuntu/ros2_galactic/install/launch:/home/ubuntu/ros2_galactic/install/osrf_pycommon:/home/ubuntu/ros2_galactic/install/domain_coordinator:/home/ubuntu/ros2_galactic/install/ament_xmllint:/home/ubuntu/ros2_galactic/install/ament_pyflakes:/home/ubuntu/ros2_galactic/install/ament_pycodestyle:/home/ubuntu/ros2_galactic/install/ament_pep257:/home/ubuntu/ros2_galactic/install/ament_pclint:/home/ubuntu/ros2_galactic/install/ament_package:/home/ubuntu/ros2_galactic/install/ament_mypy:/home/ubuntu/ros2_galactic/install/ament_lint_cmake:/home/ubuntu/ros2_galactic/install/ament_flake8:/home/ubuntu/ros2_galactic/install/ament_copyright:/home/ubuntu/ros2_galactic/install/ament_lint:/home/ubuntu/ros2_galactic/install/ament_index_python:/home/ubuntu/ros2_galactic/install/ament_cpplint:/home/ubuntu/ros2_galactic/install/ament_cppcheck:/home/ubuntu/ros2_galactic/install/ament_clang_tidy:/home/ubuntu/ros2_galactic/install/ament_clang_format /usr/bin/cmake --build /home/ubuntu/Documents/GitHub/P6-Swarm/p6-swarm/build/basic_mobile_robot -- -j8 -l8
[3.038s] DEBUG:colcon.colcon_core.event_handler.log_command:Invoked command in '/home/ubuntu/Documents/GitHub/P6-Swarm/p6-swarm/build/basic_mobile_robot' returned '0': CMAKE_PREFIX_PATH=${CMAKE_PREFIX_PATH}:/home/ubuntu/ros2_galactic/install/rqt_bag_plugins:/home/ubuntu/ros2_galactic/install/rqt_bag:/home/ubuntu/ros2_galactic/install/ros2bag:/home/ubuntu/ros2_galactic/install/tracetools_launch:/home/ubuntu/ros2_galactic/install/topic_monitor:/home/ubuntu/ros2_galactic/install/tf2_tools:/home/ubuntu/ros2_galactic/install/examples_tf2_py:/home/ubuntu/ros2_galactic/install/tf2_ros_py:/home/ubuntu/ros2_galactic/install/sros2:/home/ubuntu/ros2_galactic/install/rqt_topic:/home/ubuntu/ros2_galactic/install/rqt_top:/home/ubuntu/ros2_galactic/install/rqt_srv:/home/ubuntu/ros2_galactic/install/rqt_shell:/home/ubuntu/ros2_galactic/install/rqt_service_caller:/home/ubuntu/ros2_galactic/install/rqt_reconfigure:/home/ubuntu/ros2_galactic/install/rqt_py_console:/home/ubuntu/ros2_galactic/install/rqt_publisher:/home/ubuntu/ros2_galactic/install/rqt_plot:/home/ubuntu/ros2_galactic/install/rqt_action:/home/ubuntu/ros2_galactic/install/rqt_msg:/home/ubuntu/ros2_galactic/install/rqt_console:/home/ubuntu/ros2_galactic/install/rqt:/home/ubuntu/ros2_galactic/install/rqt_graph:/home/ubuntu/ros2_galactic/install/rqt_gui_py:/home/ubuntu/ros2_galactic/install/rqt_gui:/home/ubuntu/ros2_galactic/install/ros2trace:/home/ubuntu/ros2_galactic/install/ros2topic:/home/ubuntu/ros2_galactic/install/ros2test:/home/ubuntu/ros2_galactic/install/ros2component:/home/ubuntu/ros2_galactic/install/ros2param:/home/ubuntu/ros2_galactic/install/ros2lifecycle:/home/ubuntu/ros2_galactic/install/ros2service:/home/ubuntu/ros2_galactic/install/ros2run:/home/ubuntu/ros2_galactic/install/ros2launch:/home/ubuntu/ros2_galactic/install/ros2pkg:/home/ubuntu/ros2_galactic/install/ros2node:/home/ubuntu/ros2_galactic/install/ros2multicast:/home/ubuntu/ros2_galactic/install/ros2interface:/home/ubuntu/ros2_galactic/install/ros2doctor:/home/ubuntu/ros2_galactic/install/ros2action:/home/ubuntu/ros2_galactic/install/ros2cli:/home/ubuntu/ros2_galactic/install/quality_of_service_demo_py:/home/ubuntu/ros2_galactic/install/launch_testing_ros:/home/ubuntu/ros2_galactic/install/launch_ros:/home/ubuntu/ros2_galactic/install/examples_rclpy_pointcloud_publisher:/home/ubuntu/ros2_galactic/install/examples_rclpy_minimal_subscriber:/home/ubuntu/ros2_galactic/install/examples_rclpy_minimal_service:/home/ubuntu/ros2_galactic/install/examples_rclpy_minimal_publisher:/home/ubuntu/ros2_galactic/install/examples_rclpy_minimal_client:/home/ubuntu/ros2_galactic/install/examples_rclpy_minimal_action_server:/home/ubuntu/ros2_galactic/install/examples_rclpy_minimal_action_client:/home/ubuntu/ros2_galactic/install/examples_rclpy_guard_conditions:/home/ubuntu/ros2_galactic/install/examples_rclpy_executors:/home/ubuntu/ros2_galactic/install/demo_nodes_py:/home/ubuntu/ros2_galactic/install/action_tutorials_py:/home/ubuntu/ros2_galactic/install/ament_uncrustify:/home/ubuntu/ros2_galactic/install/tracetools_trace:/home/ubuntu/ros2_galactic/install/tracetools_read:/home/ubuntu/ros2_galactic/install/test_launch_ros:/home/ubuntu/ros2_galactic/install/sensor_msgs_py:/home/ubuntu/ros2_galactic/install/rpyutils:/home/ubuntu/ros2_galactic/install/rosidl_runtime_py:/home/ubuntu/ros2_galactic/install/rosidl_cli:/home/ubuntu/ros2_galactic/install/launch_yaml:/home/ubuntu/ros2_galactic/install/launch_xml:/home/ubuntu/ros2_galactic/install/launch_testing:/home/ubuntu/ros2_galactic/install/launch:/home/ubuntu/ros2_galactic/install/osrf_pycommon:/home/ubuntu/ros2_galactic/install/domain_coordinator:/home/ubuntu/ros2_galactic/install/ament_xmllint:/home/ubuntu/ros2_galactic/install/ament_pyflakes:/home/ubuntu/ros2_galactic/install/ament_pycodestyle:/home/ubuntu/ros2_galactic/install/ament_pep257:/home/ubuntu/ros2_galactic/install/ament_pclint:/home/ubuntu/ros2_galactic/install/ament_package:/home/ubuntu/ros2_galactic/install/ament_mypy:/home/ubuntu/ros2_galactic/install/ament_lint_cmake:/home/ubuntu/ros2_galactic/install/ament_flake8:/home/ubuntu/ros2_galactic/install/ament_copyright:/home/ubuntu/ros2_galactic/install/ament_lint:/home/ubuntu/ros2_galactic/install/ament_index_python:/home/ubuntu/ros2_galactic/install/ament_cpplint:/home/ubuntu/ros2_galactic/install/ament_cppcheck:/home/ubuntu/ros2_galactic/install/ament_clang_tidy:/home/ubuntu/ros2_galactic/install/ament_clang_format /usr/bin/cmake --build /home/ubuntu/Documents/GitHub/P6-Swarm/p6-swarm/build/basic_mobile_robot -- -j8 -l8
[3.186s] DEBUG:colcon.colcon_core.event_handler.log_command:Invoking command in '/home/ubuntu/Documents/GitHub/P6-Swarm/p6-swarm/build/basic_mobile_robot': CMAKE_PREFIX_PATH=${CMAKE_PREFIX_PATH}:/home/ubuntu/ros2_galactic/install/rqt_bag_plugins:/home/ubuntu/ros2_galactic/install/rqt_bag:/home/ubuntu/ros2_galactic/install/ros2bag:/home/ubuntu/ros2_galactic/install/tracetools_launch:/home/ubuntu/ros2_galactic/install/topic_monitor:/home/ubuntu/ros2_galactic/install/tf2_tools:/home/ubuntu/ros2_galactic/install/examples_tf2_py:/home/ubuntu/ros2_galactic/install/tf2_ros_py:/home/ubuntu/ros2_galactic/install/sros2:/home/ubuntu/ros2_galactic/install/rqt_topic:/home/ubuntu/ros2_galactic/install/rqt_top:/home/ubuntu/ros2_galactic/install/rqt_srv:/home/ubuntu/ros2_galactic/install/rqt_shell:/home/ubuntu/ros2_galactic/install/rqt_service_caller:/home/ubuntu/ros2_galactic/install/rqt_reconfigure:/home/ubuntu/ros2_galactic/install/rqt_py_console:/home/ubuntu/ros2_galactic/install/rqt_publisher:/home/ubuntu/ros2_galactic/install/rqt_plot:/home/ubuntu/ros2_galactic/install/rqt_action:/home/ubuntu/ros2_galactic/install/rqt_msg:/home/ubuntu/ros2_galactic/install/rqt_console:/home/ubuntu/ros2_galactic/install/rqt:/home/ubuntu/ros2_galactic/install/rqt_graph:/home/ubuntu/ros2_galactic/install/rqt_gui_py:/home/ubuntu/ros2_galactic/install/rqt_gui:/home/ubuntu/ros2_galactic/install/ros2trace:/home/ubuntu/ros2_galactic/install/ros2topic:/home/ubuntu/ros2_galactic/install/ros2test:/home/ubuntu/ros2_galactic/install/ros2component:/home/ubuntu/ros2_galactic/install/ros2param:/home/ubuntu/ros2_galactic/install/ros2lifecycle:/home/ubuntu/ros2_galactic/install/ros2service:/home/ubuntu/ros2_galactic/install/ros2run:/home/ubuntu/ros2_galactic/install/ros2launch:/home/ubuntu/ros2_galactic/install/ros2pkg:/home/ubuntu/ros2_galactic/install/ros2node:/home/ubuntu/ros2_galactic/install/ros2multicast:/home/ubuntu/ros2_galactic/install/ros2interface:/home/ubuntu/ros2_galactic/install/ros2doctor:/home/ubuntu/ros2_galactic/install/ros2action:/home/ubuntu/ros2_galactic/install/ros2cli:/home/ubuntu/ros2_galactic/install/quality_of_service_demo_py:/home/ubuntu/ros2_galactic/install/launch_testing_ros:/home/ubuntu/ros2_galactic/install/launch_ros:/home/ubuntu/ros2_galactic/install/examples_rclpy_pointcloud_publisher:/home/ubuntu/ros2_galactic/install/examples_rclpy_minimal_subscriber:/home/ubuntu/ros2_galactic/install/examples_rclpy_minimal_service:/home/ubuntu/ros2_galactic/install/examples_rclpy_minimal_publisher:/home/ubuntu/ros2_galactic/install/examples_rclpy_minimal_client:/home/ubuntu/ros2_galactic/install/examples_rclpy_minimal_action_server:/home/ubuntu/ros2_galactic/install/examples_rclpy_minimal_action_client:/home/ubuntu/ros2_galactic/install/examples_rclpy_guard_conditions:/home/ubuntu/ros2_galactic/install/examples_rclpy_executors:/home/ubuntu/ros2_galactic/install/demo_nodes_py:/home/ubuntu/ros2_galactic/install/action_tutorials_py:/home/ubuntu/ros2_galactic/install/ament_uncrustify:/home/ubuntu/ros2_galactic/install/tracetools_trace:/home/ubuntu/ros2_galactic/install/tracetools_read:/home/ubuntu/ros2_galactic/install/test_launch_ros:/home/ubuntu/ros2_galactic/install/sensor_msgs_py:/home/ubuntu/ros2_galactic/install/rpyutils:/home/ubuntu/ros2_galactic/install/rosidl_runtime_py:/home/ubuntu/ros2_galactic/install/rosidl_cli:/home/ubuntu/ros2_galactic/install/launch_yaml:/home/ubuntu/ros2_galactic/install/launch_xml:/home/ubuntu/ros2_galactic/install/launch_testing:/home/ubuntu/ros2_galactic/install/launch:/home/ubuntu/ros2_galactic/install/osrf_pycommon:/home/ubuntu/ros2_galactic/install/domain_coordinator:/home/ubuntu/ros2_galactic/install/ament_xmllint:/home/ubuntu/ros2_galactic/install/ament_pyflakes:/home/ubuntu/ros2_galactic/install/ament_pycodestyle:/home/ubuntu/ros2_galactic/install/ament_pep257:/home/ubuntu/ros2_galactic/install/ament_pclint:/home/ubuntu/ros2_galactic/install/ament_package:/home/ubuntu/ros2_galactic/install/ament_mypy:/home/ubuntu/ros2_galactic/install/ament_lint_cmake:/home/ubuntu/ros2_galactic/install/ament_flake8:/home/ubuntu/ros2_galactic/install/ament_copyright:/home/ubuntu/ros2_galactic/install/ament_lint:/home/ubuntu/ros2_galactic/install/ament_index_python:/home/ubuntu/ros2_galactic/install/ament_cpplint:/home/ubuntu/ros2_galactic/install/ament_cppcheck:/home/ubuntu/ros2_galactic/install/ament_clang_tidy:/home/ubuntu/ros2_galactic/install/ament_clang_format /usr/bin/cmake --install /home/ubuntu/Documents/GitHub/P6-Swarm/p6-swarm/build/basic_mobile_robot
[3.225s] Level 1:colcon.colcon_core.environment:create_environment_scripts_only(basic_mobile_robot)
[3.226s] DEBUG:colcon.colcon_core.event_handler.log_command:Invoked command in '/home/ubuntu/Documents/GitHub/P6-Swarm/p6-swarm/build/basic_mobile_robot' returned '0': CMAKE_PREFIX_PATH=${CMAKE_PREFIX_PATH}:/home/ubuntu/ros2_galactic/install/rqt_bag_plugins:/home/ubuntu/ros2_galactic/install/rqt_bag:/home/ubuntu/ros2_galactic/install/ros2bag:/home/ubuntu/ros2_galactic/install/tracetools_launch:/home/ubuntu/ros2_galactic/install/topic_monitor:/home/ubuntu/ros2_galactic/install/tf2_tools:/home/ubuntu/ros2_galactic/install/examples_tf2_py:/home/ubuntu/ros2_galactic/install/tf2_ros_py:/home/ubuntu/ros2_galactic/install/sros2:/home/ubuntu/ros2_galactic/install/rqt_topic:/home/ubuntu/ros2_galactic/install/rqt_top:/home/ubuntu/ros2_galactic/install/rqt_srv:/home/ubuntu/ros2_galactic/install/rqt_shell:/home/ubuntu/ros2_galactic/install/rqt_service_caller:/home/ubuntu/ros2_galactic/install/rqt_reconfigure:/home/ubuntu/ros2_galactic/install/rqt_py_console:/home/ubuntu/ros2_galactic/install/rqt_publisher:/home/ubuntu/ros2_galactic/install/rqt_plot:/home/ubuntu/ros2_galactic/install/rqt_action:/home/ubuntu/ros2_galactic/install/rqt_msg:/home/ubuntu/ros2_galactic/install/rqt_console:/home/ubuntu/ros2_galactic/install/rqt:/home/ubuntu/ros2_galactic/install/rqt_graph:/home/ubuntu/ros2_galactic/install/rqt_gui_py:/home/ubuntu/ros2_galactic/install/rqt_gui:/home/ubuntu/ros2_galactic/install/ros2trace:/home/ubuntu/ros2_galactic/install/ros2topic:/home/ubuntu/ros2_galactic/install/ros2test:/home/ubuntu/ros2_galactic/install/ros2component:/home/ubuntu/ros2_galactic/install/ros2param:/home/ubuntu/ros2_galactic/install/ros2lifecycle:/home/ubuntu/ros2_galactic/install/ros2service:/home/ubuntu/ros2_galactic/install/ros2run:/home/ubuntu/ros2_galactic/install/ros2launch:/home/ubuntu/ros2_galactic/install/ros2pkg:/home/ubuntu/ros2_galactic/install/ros2node:/home/ubuntu/ros2_galactic/install/ros2multicast:/home/ubuntu/ros2_galactic/install/ros2interface:/home/ubuntu/ros2_galactic/install/ros2doctor:/home/ubuntu/ros2_galactic/install/ros2action:/home/ubuntu/ros2_galactic/install/ros2cli:/home/ubuntu/ros2_galactic/install/quality_of_service_demo_py:/home/ubuntu/ros2_galactic/install/launch_testing_ros:/home/ubuntu/ros2_galactic/install/launch_ros:/home/ubuntu/ros2_galactic/install/examples_rclpy_pointcloud_publisher:/home/ubuntu/ros2_galactic/install/examples_rclpy_minimal_subscriber:/home/ubuntu/ros2_galactic/install/examples_rclpy_minimal_service:/home/ubuntu/ros2_galactic/install/examples_rclpy_minimal_publisher:/home/ubuntu/ros2_galactic/install/examples_rclpy_minimal_client:/home/ubuntu/ros2_galactic/install/examples_rclpy_minimal_action_server:/home/ubuntu/ros2_galactic/install/examples_rclpy_minimal_action_client:/home/ubuntu/ros2_galactic/install/examples_rclpy_guard_conditions:/home/ubuntu/ros2_galactic/install/examples_rclpy_executors:/home/ubuntu/ros2_galactic/install/demo_nodes_py:/home/ubuntu/ros2_galactic/install/action_tutorials_py:/home/ubuntu/ros2_galactic/install/ament_uncrustify:/home/ubuntu/ros2_galactic/install/tracetools_trace:/home/ubuntu/ros2_galactic/install/tracetools_read:/home/ubuntu/ros2_galactic/install/test_launch_ros:/home/ubuntu/ros2_galactic/install/sensor_msgs_py:/home/ubuntu/ros2_galactic/install/rpyutils:/home/ubuntu/ros2_galactic/install/rosidl_runtime_py:/home/ubuntu/ros2_galactic/install/rosidl_cli:/home/ubuntu/ros2_galactic/install/launch_yaml:/home/ubuntu/ros2_galactic/install/launch_xml:/home/ubuntu/ros2_galactic/install/launch_testing:/home/ubuntu/ros2_galactic/install/launch:/home/ubuntu/ros2_galactic/install/osrf_pycommon:/home/ubuntu/ros2_galactic/install/domain_coordinator:/home/ubuntu/ros2_galactic/install/ament_xmllint:/home/ubuntu/ros2_galactic/install/ament_pyflakes:/home/ubuntu/ros2_galactic/install/ament_pycodestyle:/home/ubuntu/ros2_galactic/install/ament_pep257:/home/ubuntu/ros2_galactic/install/ament_pclint:/home/ubuntu/ros2_galactic/install/ament_package:/home/ubuntu/ros2_galactic/install/ament_mypy:/home/ubuntu/ros2_galactic/install/ament_lint_cmake:/home/ubuntu/ros2_galactic/install/ament_flake8:/home/ubuntu/ros2_galactic/install/ament_copyright:/home/ubuntu/ros2_galactic/install/ament_lint:/home/ubuntu/ros2_galactic/install/ament_index_python:/home/ubuntu/ros2_galactic/install/ament_cpplint:/home/ubuntu/ros2_galactic/install/ament_cppcheck:/home/ubuntu/ros2_galactic/install/ament_clang_tidy:/home/ubuntu/ros2_galactic/install/ament_clang_format /usr/bin/cmake --install /home/ubuntu/Documents/GitHub/P6-Swarm/p6-swarm/build/basic_mobile_robot
[3.251s] Level 1:colcon.colcon_core.environment:checking '/home/ubuntu/Documents/GitHub/P6-Swarm/p6-swarm/install/basic_mobile_robot' for CMake module files
[3.252s] Level 1:colcon.colcon_core.environment:checking '/home/ubuntu/Documents/GitHub/P6-Swarm/p6-swarm/install/basic_mobile_robot' for CMake config files
[3.253s] Level 1:colcon.colcon_core.shell:create_environment_hook('basic_mobile_robot', 'cmake_prefix_path')
[3.254s] INFO:colcon.colcon_core.shell:Creating environment hook '/home/ubuntu/Documents/GitHub/P6-Swarm/p6-swarm/install/basic_mobile_robot/share/basic_mobile_robot/hook/cmake_prefix_path.ps1'
[3.255s] INFO:colcon.colcon_core.shell:Creating environment descriptor '/home/ubuntu/Documents/GitHub/P6-Swarm/p6-swarm/install/basic_mobile_robot/share/basic_mobile_robot/hook/cmake_prefix_path.dsv'
[3.255s] INFO:colcon.colcon_core.shell:Creating environment hook '/home/ubuntu/Documents/GitHub/P6-Swarm/p6-swarm/install/basic_mobile_robot/share/basic_mobile_robot/hook/cmake_prefix_path.sh'
[3.257s] Level 1:colcon.colcon_core.environment:checking '/home/ubuntu/Documents/GitHub/P6-Swarm/p6-swarm/install/basic_mobile_robot/bin'
[3.257s] Level 1:colcon.colcon_core.environment:checking '/home/ubuntu/Documents/GitHub/P6-Swarm/p6-swarm/install/basic_mobile_robot/lib/pkgconfig/basic_mobile_robot.pc'
[3.257s] Level 1:colcon.colcon_core.environment:checking '/home/ubuntu/Documents/GitHub/P6-Swarm/p6-swarm/install/basic_mobile_robot/lib/python3.8/site-packages'
[3.258s] INFO:colcon.colcon_core.shell:Creating package script '/home/ubuntu/Documents/GitHub/P6-Swarm/p6-swarm/install/basic_mobile_robot/share/basic_mobile_robot/package.ps1'
[3.259s] INFO:colcon.colcon_core.shell:Creating package descriptor '/home/ubuntu/Documents/GitHub/P6-Swarm/p6-swarm/install/basic_mobile_robot/share/basic_mobile_robot/package.dsv'
[3.259s] INFO:colcon.colcon_core.shell:Creating package script '/home/ubuntu/Documents/GitHub/P6-Swarm/p6-swarm/install/basic_mobile_robot/share/basic_mobile_robot/package.sh'
[3.260s] INFO:colcon.colcon_core.shell:Creating package script '/home/ubuntu/Documents/GitHub/P6-Swarm/p6-swarm/install/basic_mobile_robot/share/basic_mobile_robot/package.bash'
[3.261s] INFO:colcon.colcon_core.shell:Creating package script '/home/ubuntu/Documents/GitHub/P6-Swarm/p6-swarm/install/basic_mobile_robot/share/basic_mobile_robot/package.zsh'
[3.262s] Level 1:colcon.colcon_core.environment:create_file_with_runtime_dependencies(/home/ubuntu/Documents/GitHub/P6-Swarm/p6-swarm/install/basic_mobile_robot/share/colcon-core/packages/basic_mobile_robot)
[3.377s] Level 1:colcon.colcon_core.environment:create_environment_scripts_only(basic_mobile_robot)
[3.379s] Level 1:colcon.colcon_core.environment:checking '/home/ubuntu/Documents/GitHub/P6-Swarm/p6-swarm/install/basic_mobile_robot' for CMake module files
[3.380s] Level 1:colcon.colcon_core.environment:checking '/home/ubuntu/Documents/GitHub/P6-Swarm/p6-swarm/install/basic_mobile_robot' for CMake config files
[3.380s] Level 1:colcon.colcon_core.shell:create_environment_hook('basic_mobile_robot', 'cmake_prefix_path')
[3.381s] INFO:colcon.colcon_core.shell:Creating environment hook '/home/ubuntu/Documents/GitHub/P6-Swarm/p6-swarm/install/basic_mobile_robot/share/basic_mobile_robot/hook/cmake_prefix_path.ps1'
[3.382s] INFO:colcon.colcon_core.shell:Creating environment descriptor '/home/ubuntu/Documents/GitHub/P6-Swarm/p6-swarm/install/basic_mobile_robot/share/basic_mobile_robot/hook/cmake_prefix_path.dsv'
[3.382s] INFO:colcon.colcon_core.shell:Creating environment hook '/home/ubuntu/Documents/GitHub/P6-Swarm/p6-swarm/install/basic_mobile_robot/share/basic_mobile_robot/hook/cmake_prefix_path.sh'
[3.383s] Level 1:colcon.colcon_core.environment:checking '/home/ubuntu/Documents/GitHub/P6-Swarm/p6-swarm/install/basic_mobile_robot/bin'
[3.383s] Level 1:colcon.colcon_core.environment:checking '/home/ubuntu/Documents/GitHub/P6-Swarm/p6-swarm/install/basic_mobile_robot/lib/pkgconfig/basic_mobile_robot.pc'
[3.383s] Level 1:colcon.colcon_core.environment:checking '/home/ubuntu/Documents/GitHub/P6-Swarm/p6-swarm/install/basic_mobile_robot/lib/python3.8/site-packages'
[3.384s] INFO:colcon.colcon_core.shell:Creating package script '/home/ubuntu/Documents/GitHub/P6-Swarm/p6-swarm/install/basic_mobile_robot/share/basic_mobile_robot/package.ps1'
[3.385s] INFO:colcon.colcon_core.shell:Creating package descriptor '/home/ubuntu/Documents/GitHub/P6-Swarm/p6-swarm/install/basic_mobile_robot/share/basic_mobile_robot/package.dsv'
[3.386s] INFO:colcon.colcon_core.shell:Creating package script '/home/ubuntu/Documents/GitHub/P6-Swarm/p6-swarm/install/basic_mobile_robot/share/basic_mobile_robot/package.sh'
[3.386s] INFO:colcon.colcon_core.shell:Creating package script '/home/ubuntu/Documents/GitHub/P6-Swarm/p6-swarm/install/basic_mobile_robot/share/basic_mobile_robot/package.bash'
[3.387s] INFO:colcon.colcon_core.shell:Creating package script '/home/ubuntu/Documents/GitHub/P6-Swarm/p6-swarm/install/basic_mobile_robot/share/basic_mobile_robot/package.zsh'
[3.387s] Level 1:colcon.colcon_core.environment:create_file_with_runtime_dependencies(/home/ubuntu/Documents/GitHub/P6-Swarm/p6-swarm/install/basic_mobile_robot/share/colcon-core/packages/basic_mobile_robot)
[3.387s] DEBUG:colcon.colcon_parallel_executor.executor.parallel:closing loop
[3.388s] DEBUG:colcon.colcon_parallel_executor.executor.parallel:loop closed
[3.388s] DEBUG:colcon.colcon_parallel_executor.executor.parallel:run_until_complete finished with '0'
[3.389s] DEBUG:colcon.colcon_core.event_reactor:joining thread
[3.411s] INFO:colcon.colcon_core.plugin_system:Skipping extension 'colcon_notification.desktop_notification.terminal_notifier': Not used on non-Darwin systems
[3.411s] INFO:colcon.colcon_core.plugin_system:Skipping extension 'colcon_notification.desktop_notification.win32': Not used on non-Windows systems
[3.411s] INFO:colcon.colcon_notification.desktop_notification:Sending desktop notification using 'notify2'
[3.431s] DEBUG:colcon.colcon_core.event_reactor:joined thread
[3.433s] INFO:colcon.colcon_core.shell:Creating prefix script '/home/ubuntu/Documents/GitHub/P6-Swarm/p6-swarm/install/local_setup.ps1'
[3.434s] INFO:colcon.colcon_core.shell:Creating prefix util module '/home/ubuntu/Documents/GitHub/P6-Swarm/p6-swarm/install/_local_setup_util_ps1.py'
[3.435s] INFO:colcon.colcon_core.shell:Creating prefix chain script '/home/ubuntu/Documents/GitHub/P6-Swarm/p6-swarm/install/setup.ps1'
[3.458s] INFO:colcon.colcon_core.shell:Creating prefix script '/home/ubuntu/Documents/GitHub/P6-Swarm/p6-swarm/install/local_setup.sh'
[3.459s] INFO:colcon.colcon_core.shell:Creating prefix util module '/home/ubuntu/Documents/GitHub/P6-Swarm/p6-swarm/install/_local_setup_util_sh.py'
[3.459s] INFO:colcon.colcon_core.shell:Creating prefix chain script '/home/ubuntu/Documents/GitHub/P6-Swarm/p6-swarm/install/setup.sh'
[3.482s] INFO:colcon.colcon_core.shell:Creating prefix script '/home/ubuntu/Documents/GitHub/P6-Swarm/p6-swarm/install/local_setup.bash'
[3.483s] INFO:colcon.colcon_core.shell:Creating prefix chain script '/home/ubuntu/Documents/GitHub/P6-Swarm/p6-swarm/install/setup.bash'
[3.505s] INFO:colcon.colcon_core.shell:Creating prefix script '/home/ubuntu/Documents/GitHub/P6-Swarm/p6-swarm/install/local_setup.zsh'
[3.506s] INFO:colcon.colcon_core.shell:Creating prefix chain script '/home/ubuntu/Documents/GitHub/P6-Swarm/p6-swarm/install/setup.zsh'
